2026-01-02 16:56:26 - Modo seleccionado: dev
2026-01-02 16:59:27 - Modo seleccionado: dev
2026-01-02 16:59:27 - Creando entorno virtual en C:\Users\nacho\Documents\GitHub\Proyecto_IA_Clasificador_SAM_3\Proyecto_IA\.venv
2026-01-02 16:59:50 - Actualizando pip y dependencias del backend
Requirement already satisfied: pip in c:\users\nacho\documents\github\proyecto_ia_clasificador_sam_3\proyecto_ia\.venv\lib\site-packages (22.3.1)
Collecting pip
  Downloading pip-25.3-py3-none-any.whl (1.8 MB)
     ---------------------------------------- 1.8/1.8 MB 10.3 MB/s eta 0:00:00
Installing collected packages: pip
  Attempting uninstall: pip
    Found existing installation: pip 22.3.1
    Uninstalling pip-22.3.1:
      Successfully uninstalled pip-22.3.1
Successfully installed pip-25.3

Obtaining file:///C:/Users/nacho/Documents/GitHub/Proyecto_IA_Clasificador_SAM_3/Proyecto_IA/apps/backend
  Installing build dependencies: started
  Installing build dependencies: finished with status 'done'
  Checking if build backend supports build_editable: started
  Checking if build backend supports build_editable: finished with status 'done'
  Getting requirements to build editable: started
  Getting requirements to build editable: finished with status 'done'
  Preparing editable metadata (pyproject.toml): started
  Preparing editable metadata (pyproject.toml): finished with status 'done'
Collecting fastapi>=0.110.0 (from proyecto-ia-backend==0.1.0)
  Using cached fastapi-0.128.0-py3-none-any.whl.metadata (30 kB)
Collecting uvicorn>=0.23.0 (from uvicorn[standard]>=0.23.0->proyecto-ia-backend==0.1.0)
  Using cached uvicorn-0.40.0-py3-none-any.whl.metadata (6.7 kB)
Collecting sqlalchemy>=2.0 (from proyecto-ia-backend==0.1.0)
  Using cached sqlalchemy-2.0.45-cp311-cp311-win_amd64.whl.metadata (9.8 kB)
Collecting pydantic>=2.6 (from proyecto-ia-backend==0.1.0)
  Using cached pydantic-2.12.5-py3-none-any.whl.metadata (90 kB)
Collecting pydantic-settings>=2.2 (from proyecto-ia-backend==0.1.0)
  Using cached pydantic_settings-2.12.0-py3-none-any.whl.metadata (3.4 kB)
Collecting python-multipart>=0.0.6 (from proyecto-ia-backend==0.1.0)
  Using cached python_multipart-0.0.21-py3-none-any.whl.metadata (1.8 kB)
Collecting python-dotenv>=1.0 (from proyecto-ia-backend==0.1.0)
  Using cached python_dotenv-1.2.1-py3-none-any.whl.metadata (25 kB)
Collecting pillow>=10.2 (from proyecto-ia-backend==0.1.0)
  Downloading pillow-12.1.0-cp311-cp311-win_amd64.whl.metadata (9.0 kB)
Collecting numpy>=1.26 (from proyecto-ia-backend==0.1.0)
  Using cached numpy-2.4.0-cp311-cp311-win_amd64.whl.metadata (6.6 kB)
Collecting torch>=2.3 (from proyecto-ia-backend==0.1.0)
  Downloading torch-2.9.1-cp311-cp311-win_amd64.whl.metadata (30 kB)
Collecting transformers>=4.44 (from proyecto-ia-backend==0.1.0)
  Using cached transformers-4.57.3-py3-none-any.whl.metadata (43 kB)
Collecting accelerate>=0.33 (from proyecto-ia-backend==0.1.0)
  Using cached accelerate-1.12.0-py3-none-any.whl.metadata (19 kB)
Collecting packaging>=20.0 (from accelerate>=0.33->proyecto-ia-backend==0.1.0)
  Using cached packaging-25.0-py3-none-any.whl.metadata (3.3 kB)
Collecting psutil (from accelerate>=0.33->proyecto-ia-backend==0.1.0)
  Downloading psutil-7.2.1-cp37-abi3-win_amd64.whl.metadata (23 kB)
Collecting pyyaml (from accelerate>=0.33->proyecto-ia-backend==0.1.0)
  Using cached pyyaml-6.0.3-cp311-cp311-win_amd64.whl.metadata (2.4 kB)
Collecting huggingface_hub>=0.21.0 (from accelerate>=0.33->proyecto-ia-backend==0.1.0)
  Using cached huggingface_hub-1.2.3-py3-none-any.whl.metadata (13 kB)
Collecting safetensors>=0.4.3 (from accelerate>=0.33->proyecto-ia-backend==0.1.0)
  Using cached safetensors-0.7.0-cp38-abi3-win_amd64.whl.metadata (4.2 kB)
Collecting starlette<0.51.0,>=0.40.0 (from fastapi>=0.110.0->proyecto-ia-backend==0.1.0)
  Using cached starlette-0.50.0-py3-none-any.whl.metadata (6.3 kB)
Collecting typing-extensions>=4.8.0 (from fastapi>=0.110.0->proyecto-ia-backend==0.1.0)
  Downloading typing_extensions-4.15.0-py3-none-any.whl.metadata (3.3 kB)
Collecting annotated-doc>=0.0.2 (from fastapi>=0.110.0->proyecto-ia-backend==0.1.0)
  Using cached annotated_doc-0.0.4-py3-none-any.whl.metadata (6.6 kB)
Collecting anyio<5,>=3.6.2 (from starlette<0.51.0,>=0.40.0->fastapi>=0.110.0->proyecto-ia-backend==0.1.0)
  Using cached anyio-4.12.0-py3-none-any.whl.metadata (4.3 kB)
Collecting idna>=2.8 (from anyio<5,>=3.6.2->starlette<0.51.0,>=0.40.0->fastapi>=0.110.0->proyecto-ia-backend==0.1.0)
  Using cached idna-3.11-py3-none-any.whl.metadata (8.4 kB)
Collecting filelock (from huggingface_hub>=0.21.0->accelerate>=0.33->proyecto-ia-backend==0.1.0)
  Downloading filelock-3.20.2-py3-none-any.whl.metadata (2.1 kB)
Collecting fsspec>=2023.5.0 (from huggingface_hub>=0.21.0->accelerate>=0.33->proyecto-ia-backend==0.1.0)
  Using cached fsspec-2025.12.0-py3-none-any.whl.metadata (10 kB)
Collecting hf-xet<2.0.0,>=1.2.0 (from huggingface_hub>=0.21.0->accelerate>=0.33->proyecto-ia-backend==0.1.0)
  Using cached hf_xet-1.2.0-cp37-abi3-win_amd64.whl.metadata (5.0 kB)
Collecting httpx<1,>=0.23.0 (from huggingface_hub>=0.21.0->accelerate>=0.33->proyecto-ia-backend==0.1.0)
  Using cached httpx-0.28.1-py3-none-any.whl.metadata (7.1 kB)
Collecting shellingham (from huggingface_hub>=0.21.0->accelerate>=0.33->proyecto-ia-backend==0.1.0)
  Using cached shellingham-1.5.4-py2.py3-none-any.whl.metadata (3.5 kB)
Collecting tqdm>=4.42.1 (from huggingface_hub>=0.21.0->accelerate>=0.33->proyecto-ia-backend==0.1.0)
  Using cached tqdm-4.67.1-py3-none-any.whl.metadata (57 kB)
Collecting typer-slim (from huggingface_hub>=0.21.0->accelerate>=0.33->proyecto-ia-backend==0.1.0)
  Using cached typer_slim-0.21.0-py3-none-any.whl.metadata (16 kB)
Collecting certifi (from httpx<1,>=0.23.0->huggingface_hub>=0.21.0->accelerate>=0.33->proyecto-ia-backend==0.1.0)
  Using cached certifi-2025.11.12-py3-none-any.whl.metadata (2.5 kB)
Collecting httpcore==1.* (from httpx<1,>=0.23.0->huggingface_hub>=0.21.0->accelerate>=0.33->proyecto-ia-backend==0.1.0)
  Using cached httpcore-1.0.9-py3-none-any.whl.metadata (21 kB)
Collecting h11>=0.16 (from httpcore==1.*->httpx<1,>=0.23.0->huggingface_hub>=0.21.0->accelerate>=0.33->proyecto-ia-backend==0.1.0)
  Using cached h11-0.16.0-py3-none-any.whl.metadata (8.3 kB)
Collecting annotated-types>=0.6.0 (from pydantic>=2.6->proyecto-ia-backend==0.1.0)
  Using cached annotated_types-0.7.0-py3-none-any.whl.metadata (15 kB)
Collecting pydantic-core==2.41.5 (from pydantic>=2.6->proyecto-ia-backend==0.1.0)
  Using cached pydantic_core-2.41.5-cp311-cp311-win_amd64.whl.metadata (7.4 kB)
Collecting typing-inspection>=0.4.2 (from pydantic>=2.6->proyecto-ia-backend==0.1.0)
  Using cached typing_inspection-0.4.2-py3-none-any.whl.metadata (2.6 kB)
Collecting greenlet>=1 (from sqlalchemy>=2.0->proyecto-ia-backend==0.1.0)
  Using cached greenlet-3.3.0-cp311-cp311-win_amd64.whl.metadata (4.2 kB)
Collecting sympy>=1.13.3 (from torch>=2.3->proyecto-ia-backend==0.1.0)
  Using cached sympy-1.14.0-py3-none-any.whl.metadata (12 kB)
Collecting networkx>=2.5.1 (from torch>=2.3->proyecto-ia-backend==0.1.0)
  Using cached networkx-3.6.1-py3-none-any.whl.metadata (6.8 kB)
Collecting jinja2 (from torch>=2.3->proyecto-ia-backend==0.1.0)
  Downloading jinja2-3.1.6-py3-none-any.whl.metadata (2.9 kB)
Collecting mpmath<1.4,>=1.1.0 (from sympy>=1.13.3->torch>=2.3->proyecto-ia-backend==0.1.0)
  Using cached mpmath-1.3.0-py3-none-any.whl.metadata (8.6 kB)
Collecting colorama (from tqdm>=4.42.1->huggingface_hub>=0.21.0->accelerate>=0.33->proyecto-ia-backend==0.1.0)
  Using cached colorama-0.4.6-py2.py3-none-any.whl.metadata (17 kB)
Collecting huggingface_hub>=0.21.0 (from accelerate>=0.33->proyecto-ia-backend==0.1.0)
  Downloading huggingface_hub-0.36.0-py3-none-any.whl.metadata (14 kB)
Collecting regex!=2019.12.17 (from transformers>=4.44->proyecto-ia-backend==0.1.0)
  Using cached regex-2025.11.3-cp311-cp311-win_amd64.whl.metadata (41 kB)
Collecting requests (from transformers>=4.44->proyecto-ia-backend==0.1.0)
  Downloading requests-2.32.5-py3-none-any.whl.metadata (4.9 kB)
Collecting tokenizers<=0.23.0,>=0.22.0 (from transformers>=4.44->proyecto-ia-backend==0.1.0)
  Using cached tokenizers-0.22.1-cp39-abi3-win_amd64.whl.metadata (6.9 kB)
Collecting click>=7.0 (from uvicorn>=0.23.0->uvicorn[standard]>=0.23.0->proyecto-ia-backend==0.1.0)
  Using cached click-8.3.1-py3-none-any.whl.metadata (2.6 kB)
Collecting httptools>=0.6.3 (from uvicorn[standard]>=0.23.0->proyecto-ia-backend==0.1.0)
  Using cached httptools-0.7.1-cp311-cp311-win_amd64.whl.metadata (3.6 kB)
Collecting watchfiles>=0.13 (from uvicorn[standard]>=0.23.0->proyecto-ia-backend==0.1.0)
  Using cached watchfiles-1.1.1-cp311-cp311-win_amd64.whl.metadata (5.0 kB)
Collecting websockets>=10.4 (from uvicorn[standard]>=0.23.0->proyecto-ia-backend==0.1.0)
  Using cached websockets-15.0.1-cp311-cp311-win_amd64.whl.metadata (7.0 kB)
Collecting MarkupSafe>=2.0 (from jinja2->torch>=2.3->proyecto-ia-backend==0.1.0)
  Downloading markupsafe-3.0.3-cp311-cp311-win_amd64.whl.metadata (2.8 kB)
Collecting charset_normalizer<4,>=2 (from requests->transformers>=4.44->proyecto-ia-backend==0.1.0)
  Downloading charset_normalizer-3.4.4-cp311-cp311-win_amd64.whl.metadata (38 kB)
Collecting urllib3<3,>=1.21.1 (from requests->transformers>=4.44->proyecto-ia-backend==0.1.0)
  Downloading urllib3-2.6.2-py3-none-any.whl.metadata (6.6 kB)
Using cached accelerate-1.12.0-py3-none-any.whl (380 kB)
Using cached fastapi-0.128.0-py3-none-any.whl (103 kB)
Using cached starlette-0.50.0-py3-none-any.whl (74 kB)
Using cached anyio-4.12.0-py3-none-any.whl (113 kB)
Using cached annotated_doc-0.0.4-py3-none-any.whl (5.3 kB)
Using cached fsspec-2025.12.0-py3-none-any.whl (201 kB)
Using cached h11-0.16.0-py3-none-any.whl (37 kB)
Using cached idna-3.11-py3-none-any.whl (71 kB)
Using cached numpy-2.4.0-cp311-cp311-win_amd64.whl (12.6 MB)
Using cached packaging-25.0-py3-none-any.whl (66 kB)
Downloading pillow-12.1.0-cp311-cp311-win_amd64.whl (7.0 MB)
   ---------------------------------------- 7.0/7.0 MB 18.9 MB/s  0:00:00
Using cached pydantic-2.12.5-py3-none-any.whl (463 kB)
Using cached pydantic_core-2.41.5-cp311-cp311-win_amd64.whl (2.0 MB)
Using cached annotated_types-0.7.0-py3-none-any.whl (13 kB)
Using cached pydantic_settings-2.12.0-py3-none-any.whl (51 kB)
Using cached python_dotenv-1.2.1-py3-none-any.whl (21 kB)
Using cached python_multipart-0.0.21-py3-none-any.whl (24 kB)
Using cached pyyaml-6.0.3-cp311-cp311-win_amd64.whl (158 kB)
Using cached safetensors-0.7.0-cp38-abi3-win_amd64.whl (341 kB)
Using cached sqlalchemy-2.0.45-cp311-cp311-win_amd64.whl (2.1 MB)
Using cached greenlet-3.3.0-cp311-cp311-win_amd64.whl (301 kB)
Downloading torch-2.9.1-cp311-cp311-win_amd64.whl (111.0 MB)
   ---------------------------------------- 111.0/111.0 MB 37.5 MB/s  0:00:02
Using cached networkx-3.6.1-py3-none-any.whl (2.1 MB)
Using cached sympy-1.14.0-py3-none-any.whl (6.3 MB)
Using cached mpmath-1.3.0-py3-none-any.whl (536 kB)
Using cached tqdm-4.67.1-py3-none-any.whl (78 kB)
Using cached transformers-4.57.3-py3-none-any.whl (12.0 MB)
Downloading huggingface_hub-0.36.0-py3-none-any.whl (566 kB)
   ---------------------------------------- 566.1/566.1 kB 1.6 MB/s  0:00:00
Using cached tokenizers-0.22.1-cp39-abi3-win_amd64.whl (2.7 MB)
Using cached regex-2025.11.3-cp311-cp311-win_amd64.whl (277 kB)
Downloading typing_extensions-4.15.0-py3-none-any.whl (44 kB)
Using cached typing_inspection-0.4.2-py3-none-any.whl (14 kB)
Using cached uvicorn-0.40.0-py3-none-any.whl (68 kB)
Using cached click-8.3.1-py3-none-any.whl (108 kB)
Using cached colorama-0.4.6-py2.py3-none-any.whl (25 kB)
Using cached httptools-0.7.1-cp311-cp311-win_amd64.whl (86 kB)
Using cached watchfiles-1.1.1-cp311-cp311-win_amd64.whl (287 kB)
Using cached websockets-15.0.1-cp311-cp311-win_amd64.whl (176 kB)
Using cached certifi-2025.11.12-py3-none-any.whl (159 kB)
Downloading filelock-3.20.2-py3-none-any.whl (16 kB)
Downloading jinja2-3.1.6-py3-none-any.whl (134 kB)
Downloading markupsafe-3.0.3-cp311-cp311-win_amd64.whl (15 kB)
Downloading psutil-7.2.1-cp37-abi3-win_amd64.whl (136 kB)
Downloading requests-2.32.5-py3-none-any.whl (64 kB)
Downloading charset_normalizer-3.4.4-cp311-cp311-win_amd64.whl (106 kB)
Downloading urllib3-2.6.2-py3-none-any.whl (131 kB)
Building wheels for collected packages: proyecto-ia-backend
  Building editable for proyecto-ia-backend (pyproject.toml): started
  Building editable for proyecto-ia-backend (pyproject.toml): finished with status 'done'
  Created wheel for proyecto-ia-backend: filename=proyecto_ia_backend-0.1.0-0.editable-py3-none-any.whl size=1603 sha256=575dae307c8737538e61330990d600c3e50e735efc439823cfa84b639e2c3526
  Stored in directory: C:\Users\nacho\AppData\Local\Temp\pip-ephem-wheel-cache-w1w7x5gq\wheels\08\d1\b0\510c05311421b90e38d47de1218b879b9534c172a95de5a902
Successfully built proyecto-ia-backend
Installing collected packages: mpmath, websockets, urllib3, typing-extensions, sympy, safetensors, regex, pyyaml, python-multipart, python-dotenv, psutil, pillow, packaging, numpy, networkx, MarkupSafe, idna, httptools, h11, greenlet, fsspec, filelock, colorama, charset_normalizer, certifi, annotated-types, annotated-doc, typing-inspection, tqdm, sqlalchemy, requests, pydantic-core, jinja2, click, anyio, watchfiles, uvicorn, torch, starlette, pydantic, huggingface_hub, tokenizers, pydantic-settings, fastapi, accelerate, transformers, proyecto-ia-backend

Successfully installed MarkupSafe-3.0.3 accelerate-1.12.0 annotated-doc-0.0.4 annotated-types-0.7.0 anyio-4.12.0 certifi-2025.11.12 charset_normalizer-3.4.4 click-8.3.1 colorama-0.4.6 fastapi-0.128.0 filelock-3.20.2 fsspec-2025.12.0 greenlet-3.3.0 h11-0.16.0 httptools-0.7.1 huggingface_hub-0.36.0 idna-3.11 jinja2-3.1.6 mpmath-1.3.0 networkx-3.6.1 numpy-2.4.0 packaging-25.0 pillow-12.1.0 proyecto-ia-backend-0.1.0 psutil-7.2.1 pydantic-2.12.5 pydantic-core-2.41.5 pydantic-settings-2.12.0 python-dotenv-1.2.1 python-multipart-0.0.21 pyyaml-6.0.3 regex-2025.11.3 requests-2.32.5 safetensors-0.7.0 sqlalchemy-2.0.45 starlette-0.50.0 sympy-1.14.0 tokenizers-0.22.1 torch-2.9.1 tqdm-4.67.1 transformers-4.57.3 typing-extensions-4.15.0 typing-inspection-0.4.2 urllib3-2.6.2 uvicorn-0.40.0 watchfiles-1.1.1 websockets-15.0.1

2026-01-02 17:03:54 - Instalando dependencias de frontend

added 274 packages, and audited 275 packages in 2m

64 packages are looking for funding
  run `npm fund` for details

2 moderate severity vulnerabilities

To address all issues (including breaking changes), run:
  npm audit fix --force

Run `npm audit` for details.

2026-01-02 17:05:43 - Iniciando backend (uvicorn --reload)
2026-01-02 17:05:43 - Backend PID: 6672
2026-01-02 17:05:43 - Iniciando frontend (npm run dev)
2026-01-02 17:05:43 - Frontend PID: 1844
2026-01-02 17:05:58 - Backend listo, abriendo navegador en http://localhost:5173/system/status
2026-01-02 17:05:59 - Script finalizado.
2026-01-02 17:53:47 - Modo seleccionado: dev
2026-01-02 17:53:47 - Actualizando pip y dependencias del backend
Requirement already satisfied: pip in c:\users\nacho\documents\github\proyecto_ia_clasificador_sam_3\proyecto_ia\.venv\lib\site-packages (25.3)

Obtaining file:///C:/Users/nacho/Documents/GitHub/Proyecto_IA_Clasificador_SAM_3/Proyecto_IA/apps/backend
  Installing build dependencies: started
  Installing build dependencies: finished with status 'done'
  Checking if build backend supports build_editable: started
  Checking if build backend supports build_editable: finished with status 'done'
  Getting requirements to build editable: started
  Getting requirements to build editable: finished with status 'done'
  Preparing editable metadata (pyproject.toml): started
  Preparing editable metadata (pyproject.toml): finished with status 'done'
Requirement already satisfied: fastapi>=0.110.0 in c:\users\nacho\documents\github\proyecto_ia_clasificador_sam_3\proyecto_ia\.venv\lib\site-packages (from proyecto-ia-backend==0.1.0) (0.128.0)
Requirement already satisfied: uvicorn>=0.23.0 in c:\users\nacho\documents\github\proyecto_ia_clasificador_sam_3\proyecto_ia\.venv\lib\site-packages (from uvicorn[standard]>=0.23.0->proyecto-ia-backend==0.1.0) (0.40.0)
Requirement already satisfied: sqlalchemy>=2.0 in c:\users\nacho\documents\github\proyecto_ia_clasificador_sam_3\proyecto_ia\.venv\lib\site-packages (from proyecto-ia-backend==0.1.0) (2.0.45)
Requirement already satisfied: pydantic>=2.6 in c:\users\nacho\documents\github\proyecto_ia_clasificador_sam_3\proyecto_ia\.venv\lib\site-packages (from proyecto-ia-backend==0.1.0) (2.12.5)
Requirement already satisfied: pydantic-settings>=2.2 in c:\users\nacho\documents\github\proyecto_ia_clasificador_sam_3\proyecto_ia\.venv\lib\site-packages (from proyecto-ia-backend==0.1.0) (2.12.0)
Requirement already satisfied: python-multipart>=0.0.6 in c:\users\nacho\documents\github\proyecto_ia_clasificador_sam_3\proyecto_ia\.venv\lib\site-packages (from proyecto-ia-backend==0.1.0) (0.0.21)
Requirement already satisfied: python-dotenv>=1.0 in c:\users\nacho\documents\github\proyecto_ia_clasificador_sam_3\proyecto_ia\.venv\lib\site-packages (from proyecto-ia-backend==0.1.0) (1.2.1)
Requirement already satisfied: pillow>=10.2 in c:\users\nacho\documents\github\proyecto_ia_clasificador_sam_3\proyecto_ia\.venv\lib\site-packages (from proyecto-ia-backend==0.1.0) (12.1.0)
Requirement already satisfied: numpy>=1.26 in c:\users\nacho\documents\github\proyecto_ia_clasificador_sam_3\proyecto_ia\.venv\lib\site-packages (from proyecto-ia-backend==0.1.0) (2.4.0)
Requirement already satisfied: torch>=2.3 in c:\users\nacho\documents\github\proyecto_ia_clasificador_sam_3\proyecto_ia\.venv\lib\site-packages (from proyecto-ia-backend==0.1.0) (2.9.1)
Requirement already satisfied: transformers>=4.44 in c:\users\nacho\documents\github\proyecto_ia_clasificador_sam_3\proyecto_ia\.venv\lib\site-packages (from proyecto-ia-backend==0.1.0) (4.57.3)
Requirement already satisfied: accelerate>=0.33 in c:\users\nacho\documents\github\proyecto_ia_clasificador_sam_3\proyecto_ia\.venv\lib\site-packages (from proyecto-ia-backend==0.1.0) (1.12.0)
Requirement already satisfied: packaging>=20.0 in c:\users\nacho\documents\github\proyecto_ia_clasificador_sam_3\proyecto_ia\.venv\lib\site-packages (from accelerate>=0.33->proyecto-ia-backend==0.1.0) (25.0)
Requirement already satisfied: psutil in c:\users\nacho\documents\github\proyecto_ia_clasificador_sam_3\proyecto_ia\.venv\lib\site-packages (from accelerate>=0.33->proyecto-ia-backend==0.1.0) (7.2.1)
Requirement already satisfied: pyyaml in c:\users\nacho\documents\github\proyecto_ia_clasificador_sam_3\proyecto_ia\.venv\lib\site-packages (from accelerate>=0.33->proyecto-ia-backend==0.1.0) (6.0.3)
Requirement already satisfied: huggingface_hub>=0.21.0 in c:\users\nacho\documents\github\proyecto_ia_clasificador_sam_3\proyecto_ia\.venv\lib\site-packages (from accelerate>=0.33->proyecto-ia-backend==0.1.0) (0.36.0)
Requirement already satisfied: safetensors>=0.4.3 in c:\users\nacho\documents\github\proyecto_ia_clasificador_sam_3\proyecto_ia\.venv\lib\site-packages (from accelerate>=0.33->proyecto-ia-backend==0.1.0) (0.7.0)
Requirement already satisfied: starlette<0.51.0,>=0.40.0 in c:\users\nacho\documents\github\proyecto_ia_clasificador_sam_3\proyecto_ia\.venv\lib\site-packages (from fastapi>=0.110.0->proyecto-ia-backend==0.1.0) (0.50.0)
Requirement already satisfied: typing-extensions>=4.8.0 in c:\users\nacho\documents\github\proyecto_ia_clasificador_sam_3\proyecto_ia\.venv\lib\site-packages (from fastapi>=0.110.0->proyecto-ia-backend==0.1.0) (4.15.0)
Requirement already satisfied: annotated-doc>=0.0.2 in c:\users\nacho\documents\github\proyecto_ia_clasificador_sam_3\proyecto_ia\.venv\lib\site-packages (from fastapi>=0.110.0->proyecto-ia-backend==0.1.0) (0.0.4)
Requirement already satisfied: anyio<5,>=3.6.2 in c:\users\nacho\documents\github\proyecto_ia_clasificador_sam_3\proyecto_ia\.venv\lib\site-packages (from starlette<0.51.0,>=0.40.0->fastapi>=0.110.0->proyecto-ia-backend==0.1.0) (4.12.0)
Requirement already satisfied: idna>=2.8 in c:\users\nacho\documents\github\proyecto_ia_clasificador_sam_3\proyecto_ia\.venv\lib\site-packages (from anyio<5,>=3.6.2->starlette<0.51.0,>=0.40.0->fastapi>=0.110.0->proyecto-ia-backend==0.1.0) (3.11)
Requirement already satisfied: filelock in c:\users\nacho\documents\github\proyecto_ia_clasificador_sam_3\proyecto_ia\.venv\lib\site-packages (from huggingface_hub>=0.21.0->accelerate>=0.33->proyecto-ia-backend==0.1.0) (3.20.2)
Requirement already satisfied: fsspec>=2023.5.0 in c:\users\nacho\documents\github\proyecto_ia_clasificador_sam_3\proyecto_ia\.venv\lib\site-packages (from huggingface_hub>=0.21.0->accelerate>=0.33->proyecto-ia-backend==0.1.0) (2025.12.0)
Requirement already satisfied: requests in c:\users\nacho\documents\github\proyecto_ia_clasificador_sam_3\proyecto_ia\.venv\lib\site-packages (from huggingface_hub>=0.21.0->accelerate>=0.33->proyecto-ia-backend==0.1.0) (2.32.5)
Requirement already satisfied: tqdm>=4.42.1 in c:\users\nacho\documents\github\proyecto_ia_clasificador_sam_3\proyecto_ia\.venv\lib\site-packages (from huggingface_hub>=0.21.0->accelerate>=0.33->proyecto-ia-backend==0.1.0) (4.67.1)
Requirement already satisfied: annotated-types>=0.6.0 in c:\users\nacho\documents\github\proyecto_ia_clasificador_sam_3\proyecto_ia\.venv\lib\site-packages (from pydantic>=2.6->proyecto-ia-backend==0.1.0) (0.7.0)
Requirement already satisfied: pydantic-core==2.41.5 in c:\users\nacho\documents\github\proyecto_ia_clasificador_sam_3\proyecto_ia\.venv\lib\site-packages (from pydantic>=2.6->proyecto-ia-backend==0.1.0) (2.41.5)
Requirement already satisfied: typing-inspection>=0.4.2 in c:\users\nacho\documents\github\proyecto_ia_clasificador_sam_3\proyecto_ia\.venv\lib\site-packages (from pydantic>=2.6->proyecto-ia-backend==0.1.0) (0.4.2)
Requirement already satisfied: greenlet>=1 in c:\users\nacho\documents\github\proyecto_ia_clasificador_sam_3\proyecto_ia\.venv\lib\site-packages (from sqlalchemy>=2.0->proyecto-ia-backend==0.1.0) (3.3.0)
Requirement already satisfied: sympy>=1.13.3 in c:\users\nacho\documents\github\proyecto_ia_clasificador_sam_3\proyecto_ia\.venv\lib\site-packages (from torch>=2.3->proyecto-ia-backend==0.1.0) (1.14.0)
Requirement already satisfied: networkx>=2.5.1 in c:\users\nacho\documents\github\proyecto_ia_clasificador_sam_3\proyecto_ia\.venv\lib\site-packages (from torch>=2.3->proyecto-ia-backend==0.1.0) (3.6.1)
Requirement already satisfied: jinja2 in c:\users\nacho\documents\github\proyecto_ia_clasificador_sam_3\proyecto_ia\.venv\lib\site-packages (from torch>=2.3->proyecto-ia-backend==0.1.0) (3.1.6)
Requirement already satisfied: mpmath<1.4,>=1.1.0 in c:\users\nacho\documents\github\proyecto_ia_clasificador_sam_3\proyecto_ia\.venv\lib\site-packages (from sympy>=1.13.3->torch>=2.3->proyecto-ia-backend==0.1.0) (1.3.0)
Requirement already satisfied: colorama in c:\users\nacho\documents\github\proyecto_ia_clasificador_sam_3\proyecto_ia\.venv\lib\site-packages (from tqdm>=4.42.1->huggingface_hub>=0.21.0->accelerate>=0.33->proyecto-ia-backend==0.1.0) (0.4.6)
Requirement already satisfied: regex!=2019.12.17 in c:\users\nacho\documents\github\proyecto_ia_clasificador_sam_3\proyecto_ia\.venv\lib\site-packages (from transformers>=4.44->proyecto-ia-backend==0.1.0) (2025.11.3)
Requirement already satisfied: tokenizers<=0.23.0,>=0.22.0 in c:\users\nacho\documents\github\proyecto_ia_clasificador_sam_3\proyecto_ia\.venv\lib\site-packages (from transformers>=4.44->proyecto-ia-backend==0.1.0) (0.22.1)
Requirement already satisfied: click>=7.0 in c:\users\nacho\documents\github\proyecto_ia_clasificador_sam_3\proyecto_ia\.venv\lib\site-packages (from uvicorn>=0.23.0->uvicorn[standard]>=0.23.0->proyecto-ia-backend==0.1.0) (8.3.1)
Requirement already satisfied: h11>=0.8 in c:\users\nacho\documents\github\proyecto_ia_clasificador_sam_3\proyecto_ia\.venv\lib\site-packages (from uvicorn>=0.23.0->uvicorn[standard]>=0.23.0->proyecto-ia-backend==0.1.0) (0.16.0)
Requirement already satisfied: httptools>=0.6.3 in c:\users\nacho\documents\github\proyecto_ia_clasificador_sam_3\proyecto_ia\.venv\lib\site-packages (from uvicorn[standard]>=0.23.0->proyecto-ia-backend==0.1.0) (0.7.1)
Requirement already satisfied: watchfiles>=0.13 in c:\users\nacho\documents\github\proyecto_ia_clasificador_sam_3\proyecto_ia\.venv\lib\site-packages (from uvicorn[standard]>=0.23.0->proyecto-ia-backend==0.1.0) (1.1.1)
Requirement already satisfied: websockets>=10.4 in c:\users\nacho\documents\github\proyecto_ia_clasificador_sam_3\proyecto_ia\.venv\lib\site-packages (from uvicorn[standard]>=0.23.0->proyecto-ia-backend==0.1.0) (15.0.1)
Requirement already satisfied: MarkupSafe>=2.0 in c:\users\nacho\documents\github\proyecto_ia_clasificador_sam_3\proyecto_ia\.venv\lib\site-packages (from jinja2->torch>=2.3->proyecto-ia-backend==0.1.0) (3.0.3)
Requirement already satisfied: charset_normalizer<4,>=2 in c:\users\nacho\documents\github\proyecto_ia_clasificador_sam_3\proyecto_ia\.venv\lib\site-packages (from requests->huggingface_hub>=0.21.0->accelerate>=0.33->proyecto-ia-backend==0.1.0) (3.4.4)
Requirement already satisfied: urllib3<3,>=1.21.1 in c:\users\nacho\documents\github\proyecto_ia_clasificador_sam_3\proyecto_ia\.venv\lib\site-packages (from requests->huggingface_hub>=0.21.0->accelerate>=0.33->proyecto-ia-backend==0.1.0) (2.6.2)
Requirement already satisfied: certifi>=2017.4.17 in c:\users\nacho\documents\github\proyecto_ia_clasificador_sam_3\proyecto_ia\.venv\lib\site-packages (from requests->huggingface_hub>=0.21.0->accelerate>=0.33->proyecto-ia-backend==0.1.0) (2025.11.12)
Building wheels for collected packages: proyecto-ia-backend
  Building editable for proyecto-ia-backend (pyproject.toml): started
  Building editable for proyecto-ia-backend (pyproject.toml): finished with status 'done'
  Created wheel for proyecto-ia-backend: filename=proyecto_ia_backend-0.1.0-0.editable-py3-none-any.whl size=1603 sha256=299b2999f146ddb74edae4e4899cf6bd20daae7af33b33d4090211ff6582596f
  Stored in directory: C:\Users\nacho\AppData\Local\Temp\pip-ephem-wheel-cache-61_syfxa\wheels\08\d1\b0\510c05311421b90e38d47de1218b879b9534c172a95de5a902
Successfully built proyecto-ia-backend
Installing collected packages: proyecto-ia-backend
  Attempting uninstall: proyecto-ia-backend
    Found existing installation: proyecto-ia-backend 0.1.0
    Uninstalling proyecto-ia-backend-0.1.0:
      Successfully uninstalled proyecto-ia-backend-0.1.0
Successfully installed proyecto-ia-backend-0.1.0

2026-01-02 17:54:03 - Iniciando backend (uvicorn --reload)
2026-01-02 18:05:02 - Modo seleccionado: dev
2026-01-02 18:05:02 - Actualizando pip y dependencias del backend
Requirement already satisfied: pip in c:\users\nacho\documents\github\proyecto_ia_clasificador_sam_3\proyecto_ia\.venv\lib\site-packages (25.3)

Obtaining file:///C:/Users/nacho/Documents/GitHub/Proyecto_IA_Clasificador_SAM_3/Proyecto_IA/apps/backend
  Installing build dependencies: started
  Installing build dependencies: finished with status 'done'
  Checking if build backend supports build_editable: started
  Checking if build backend supports build_editable: finished with status 'done'
  Getting requirements to build editable: started
  Getting requirements to build editable: finished with status 'done'
  Preparing editable metadata (pyproject.toml): started
  Preparing editable metadata (pyproject.toml): finished with status 'done'
Requirement already satisfied: fastapi>=0.110.0 in c:\users\nacho\documents\github\proyecto_ia_clasificador_sam_3\proyecto_ia\.venv\lib\site-packages (from proyecto-ia-backend==0.1.0) (0.128.0)
Requirement already satisfied: uvicorn>=0.23.0 in c:\users\nacho\documents\github\proyecto_ia_clasificador_sam_3\proyecto_ia\.venv\lib\site-packages (from uvicorn[standard]>=0.23.0->proyecto-ia-backend==0.1.0) (0.40.0)
Requirement already satisfied: sqlalchemy>=2.0 in c:\users\nacho\documents\github\proyecto_ia_clasificador_sam_3\proyecto_ia\.venv\lib\site-packages (from proyecto-ia-backend==0.1.0) (2.0.45)
Requirement already satisfied: pydantic>=2.6 in c:\users\nacho\documents\github\proyecto_ia_clasificador_sam_3\proyecto_ia\.venv\lib\site-packages (from proyecto-ia-backend==0.1.0) (2.12.5)
Requirement already satisfied: pydantic-settings>=2.2 in c:\users\nacho\documents\github\proyecto_ia_clasificador_sam_3\proyecto_ia\.venv\lib\site-packages (from proyecto-ia-backend==0.1.0) (2.12.0)
Requirement already satisfied: python-multipart>=0.0.6 in c:\users\nacho\documents\github\proyecto_ia_clasificador_sam_3\proyecto_ia\.venv\lib\site-packages (from proyecto-ia-backend==0.1.0) (0.0.21)
Requirement already satisfied: python-dotenv>=1.0 in c:\users\nacho\documents\github\proyecto_ia_clasificador_sam_3\proyecto_ia\.venv\lib\site-packages (from proyecto-ia-backend==0.1.0) (1.2.1)
Requirement already satisfied: pillow>=10.2 in c:\users\nacho\documents\github\proyecto_ia_clasificador_sam_3\proyecto_ia\.venv\lib\site-packages (from proyecto-ia-backend==0.1.0) (12.1.0)
Requirement already satisfied: numpy>=1.26 in c:\users\nacho\documents\github\proyecto_ia_clasificador_sam_3\proyecto_ia\.venv\lib\site-packages (from proyecto-ia-backend==0.1.0) (2.4.0)
Requirement already satisfied: torch>=2.3 in c:\users\nacho\documents\github\proyecto_ia_clasificador_sam_3\proyecto_ia\.venv\lib\site-packages (from proyecto-ia-backend==0.1.0) (2.9.1)
Requirement already satisfied: transformers>=4.44 in c:\users\nacho\documents\github\proyecto_ia_clasificador_sam_3\proyecto_ia\.venv\lib\site-packages (from proyecto-ia-backend==0.1.0) (4.57.3)
Requirement already satisfied: accelerate>=0.33 in c:\users\nacho\documents\github\proyecto_ia_clasificador_sam_3\proyecto_ia\.venv\lib\site-packages (from proyecto-ia-backend==0.1.0) (1.12.0)
Requirement already satisfied: packaging>=20.0 in c:\users\nacho\documents\github\proyecto_ia_clasificador_sam_3\proyecto_ia\.venv\lib\site-packages (from accelerate>=0.33->proyecto-ia-backend==0.1.0) (25.0)
Requirement already satisfied: psutil in c:\users\nacho\documents\github\proyecto_ia_clasificador_sam_3\proyecto_ia\.venv\lib\site-packages (from accelerate>=0.33->proyecto-ia-backend==0.1.0) (7.2.1)
Requirement already satisfied: pyyaml in c:\users\nacho\documents\github\proyecto_ia_clasificador_sam_3\proyecto_ia\.venv\lib\site-packages (from accelerate>=0.33->proyecto-ia-backend==0.1.0) (6.0.3)
Requirement already satisfied: huggingface_hub>=0.21.0 in c:\users\nacho\documents\github\proyecto_ia_clasificador_sam_3\proyecto_ia\.venv\lib\site-packages (from accelerate>=0.33->proyecto-ia-backend==0.1.0) (0.36.0)
Requirement already satisfied: safetensors>=0.4.3 in c:\users\nacho\documents\github\proyecto_ia_clasificador_sam_3\proyecto_ia\.venv\lib\site-packages (from accelerate>=0.33->proyecto-ia-backend==0.1.0) (0.7.0)
Requirement already satisfied: starlette<0.51.0,>=0.40.0 in c:\users\nacho\documents\github\proyecto_ia_clasificador_sam_3\proyecto_ia\.venv\lib\site-packages (from fastapi>=0.110.0->proyecto-ia-backend==0.1.0) (0.50.0)
Requirement already satisfied: typing-extensions>=4.8.0 in c:\users\nacho\documents\github\proyecto_ia_clasificador_sam_3\proyecto_ia\.venv\lib\site-packages (from fastapi>=0.110.0->proyecto-ia-backend==0.1.0) (4.15.0)
Requirement already satisfied: annotated-doc>=0.0.2 in c:\users\nacho\documents\github\proyecto_ia_clasificador_sam_3\proyecto_ia\.venv\lib\site-packages (from fastapi>=0.110.0->proyecto-ia-backend==0.1.0) (0.0.4)
Requirement already satisfied: anyio<5,>=3.6.2 in c:\users\nacho\documents\github\proyecto_ia_clasificador_sam_3\proyecto_ia\.venv\lib\site-packages (from starlette<0.51.0,>=0.40.0->fastapi>=0.110.0->proyecto-ia-backend==0.1.0) (4.12.0)
Requirement already satisfied: idna>=2.8 in c:\users\nacho\documents\github\proyecto_ia_clasificador_sam_3\proyecto_ia\.venv\lib\site-packages (from anyio<5,>=3.6.2->starlette<0.51.0,>=0.40.0->fastapi>=0.110.0->proyecto-ia-backend==0.1.0) (3.11)
Requirement already satisfied: filelock in c:\users\nacho\documents\github\proyecto_ia_clasificador_sam_3\proyecto_ia\.venv\lib\site-packages (from huggingface_hub>=0.21.0->accelerate>=0.33->proyecto-ia-backend==0.1.0) (3.20.2)
Requirement already satisfied: fsspec>=2023.5.0 in c:\users\nacho\documents\github\proyecto_ia_clasificador_sam_3\proyecto_ia\.venv\lib\site-packages (from huggingface_hub>=0.21.0->accelerate>=0.33->proyecto-ia-backend==0.1.0) (2025.12.0)
Requirement already satisfied: requests in c:\users\nacho\documents\github\proyecto_ia_clasificador_sam_3\proyecto_ia\.venv\lib\site-packages (from huggingface_hub>=0.21.0->accelerate>=0.33->proyecto-ia-backend==0.1.0) (2.32.5)
Requirement already satisfied: tqdm>=4.42.1 in c:\users\nacho\documents\github\proyecto_ia_clasificador_sam_3\proyecto_ia\.venv\lib\site-packages (from huggingface_hub>=0.21.0->accelerate>=0.33->proyecto-ia-backend==0.1.0) (4.67.1)
Requirement already satisfied: annotated-types>=0.6.0 in c:\users\nacho\documents\github\proyecto_ia_clasificador_sam_3\proyecto_ia\.venv\lib\site-packages (from pydantic>=2.6->proyecto-ia-backend==0.1.0) (0.7.0)
Requirement already satisfied: pydantic-core==2.41.5 in c:\users\nacho\documents\github\proyecto_ia_clasificador_sam_3\proyecto_ia\.venv\lib\site-packages (from pydantic>=2.6->proyecto-ia-backend==0.1.0) (2.41.5)
Requirement already satisfied: typing-inspection>=0.4.2 in c:\users\nacho\documents\github\proyecto_ia_clasificador_sam_3\proyecto_ia\.venv\lib\site-packages (from pydantic>=2.6->proyecto-ia-backend==0.1.0) (0.4.2)
Requirement already satisfied: greenlet>=1 in c:\users\nacho\documents\github\proyecto_ia_clasificador_sam_3\proyecto_ia\.venv\lib\site-packages (from sqlalchemy>=2.0->proyecto-ia-backend==0.1.0) (3.3.0)
Requirement already satisfied: sympy>=1.13.3 in c:\users\nacho\documents\github\proyecto_ia_clasificador_sam_3\proyecto_ia\.venv\lib\site-packages (from torch>=2.3->proyecto-ia-backend==0.1.0) (1.14.0)
Requirement already satisfied: networkx>=2.5.1 in c:\users\nacho\documents\github\proyecto_ia_clasificador_sam_3\proyecto_ia\.venv\lib\site-packages (from torch>=2.3->proyecto-ia-backend==0.1.0) (3.6.1)
Requirement already satisfied: jinja2 in c:\users\nacho\documents\github\proyecto_ia_clasificador_sam_3\proyecto_ia\.venv\lib\site-packages (from torch>=2.3->proyecto-ia-backend==0.1.0) (3.1.6)
Requirement already satisfied: mpmath<1.4,>=1.1.0 in c:\users\nacho\documents\github\proyecto_ia_clasificador_sam_3\proyecto_ia\.venv\lib\site-packages (from sympy>=1.13.3->torch>=2.3->proyecto-ia-backend==0.1.0) (1.3.0)
Requirement already satisfied: colorama in c:\users\nacho\documents\github\proyecto_ia_clasificador_sam_3\proyecto_ia\.venv\lib\site-packages (from tqdm>=4.42.1->huggingface_hub>=0.21.0->accelerate>=0.33->proyecto-ia-backend==0.1.0) (0.4.6)
Requirement already satisfied: regex!=2019.12.17 in c:\users\nacho\documents\github\proyecto_ia_clasificador_sam_3\proyecto_ia\.venv\lib\site-packages (from transformers>=4.44->proyecto-ia-backend==0.1.0) (2025.11.3)
Requirement already satisfied: tokenizers<=0.23.0,>=0.22.0 in c:\users\nacho\documents\github\proyecto_ia_clasificador_sam_3\proyecto_ia\.venv\lib\site-packages (from transformers>=4.44->proyecto-ia-backend==0.1.0) (0.22.1)
Requirement already satisfied: click>=7.0 in c:\users\nacho\documents\github\proyecto_ia_clasificador_sam_3\proyecto_ia\.venv\lib\site-packages (from uvicorn>=0.23.0->uvicorn[standard]>=0.23.0->proyecto-ia-backend==0.1.0) (8.3.1)
Requirement already satisfied: h11>=0.8 in c:\users\nacho\documents\github\proyecto_ia_clasificador_sam_3\proyecto_ia\.venv\lib\site-packages (from uvicorn>=0.23.0->uvicorn[standard]>=0.23.0->proyecto-ia-backend==0.1.0) (0.16.0)
Requirement already satisfied: httptools>=0.6.3 in c:\users\nacho\documents\github\proyecto_ia_clasificador_sam_3\proyecto_ia\.venv\lib\site-packages (from uvicorn[standard]>=0.23.0->proyecto-ia-backend==0.1.0) (0.7.1)
Requirement already satisfied: watchfiles>=0.13 in c:\users\nacho\documents\github\proyecto_ia_clasificador_sam_3\proyecto_ia\.venv\lib\site-packages (from uvicorn[standard]>=0.23.0->proyecto-ia-backend==0.1.0) (1.1.1)
Requirement already satisfied: websockets>=10.4 in c:\users\nacho\documents\github\proyecto_ia_clasificador_sam_3\proyecto_ia\.venv\lib\site-packages (from uvicorn[standard]>=0.23.0->proyecto-ia-backend==0.1.0) (15.0.1)
Requirement already satisfied: MarkupSafe>=2.0 in c:\users\nacho\documents\github\proyecto_ia_clasificador_sam_3\proyecto_ia\.venv\lib\site-packages (from jinja2->torch>=2.3->proyecto-ia-backend==0.1.0) (3.0.3)
Requirement already satisfied: charset_normalizer<4,>=2 in c:\users\nacho\documents\github\proyecto_ia_clasificador_sam_3\proyecto_ia\.venv\lib\site-packages (from requests->huggingface_hub>=0.21.0->accelerate>=0.33->proyecto-ia-backend==0.1.0) (3.4.4)
Requirement already satisfied: urllib3<3,>=1.21.1 in c:\users\nacho\documents\github\proyecto_ia_clasificador_sam_3\proyecto_ia\.venv\lib\site-packages (from requests->huggingface_hub>=0.21.0->accelerate>=0.33->proyecto-ia-backend==0.1.0) (2.6.2)
Requirement already satisfied: certifi>=2017.4.17 in c:\users\nacho\documents\github\proyecto_ia_clasificador_sam_3\proyecto_ia\.venv\lib\site-packages (from requests->huggingface_hub>=0.21.0->accelerate>=0.33->proyecto-ia-backend==0.1.0) (2025.11.12)
Building wheels for collected packages: proyecto-ia-backend
  Building editable for proyecto-ia-backend (pyproject.toml): started
  Building editable for proyecto-ia-backend (pyproject.toml): finished with status 'done'
  Created wheel for proyecto-ia-backend: filename=proyecto_ia_backend-0.1.0-0.editable-py3-none-any.whl size=1603 sha256=6682c819e8818039db20203a3a66326f45c3f31b3db5713adcf3d57a2f0ca2e5
  Stored in directory: C:\Users\nacho\AppData\Local\Temp\pip-ephem-wheel-cache-xmi1elwd\wheels\08\d1\b0\510c05311421b90e38d47de1218b879b9534c172a95de5a902
Successfully built proyecto-ia-backend
Installing collected packages: proyecto-ia-backend
  Attempting uninstall: proyecto-ia-backend
    Found existing installation: proyecto-ia-backend 0.1.0
    Uninstalling proyecto-ia-backend-0.1.0:
      Successfully uninstalled proyecto-ia-backend-0.1.0
Successfully installed proyecto-ia-backend-0.1.0

2026-01-02 18:05:16 - Iniciando backend (uvicorn --reload)
2026-01-02 18:05:16 - Backend PID: 11424
2026-01-02 18:05:16 - Iniciando frontend (npm run dev)
==== 2026-01-02 18:15:30 - run_app.ps1 start (mode=dev) ====
2026-01-02 18:15:30 - Modo seleccionado: dev
2026-01-02 18:15:30 - Actualizando pip y dependencias del backend
Requirement already satisfied: pip in c:\users\nacho\documents\github\proyecto_ia_clasificador_sam_3\proyecto_ia\.venv\lib\site-packages (25.3)
Obtaining file:///C:/Users/nacho/Documents/GitHub/Proyecto_IA_Clasificador_SAM_3/Proyecto_IA/apps/backend
  Installing build dependencies: started
  Installing build dependencies: finished with status 'done'
  Checking if build backend supports build_editable: started
  Checking if build backend supports build_editable: finished with status 'done'
  Getting requirements to build editable: started
  Getting requirements to build editable: finished with status 'done'
  Preparing editable metadata (pyproject.toml): started
  Preparing editable metadata (pyproject.toml): finished with status 'done'
Requirement already satisfied: fastapi>=0.110.0 in c:\users\nacho\documents\github\proyecto_ia_clasificador_sam_3\proyecto_ia\.venv\lib\site-packages (from proyecto-ia-backend==0.1.0) (0.128.0)
Requirement already satisfied: uvicorn>=0.23.0 in c:\users\nacho\documents\github\proyecto_ia_clasificador_sam_3\proyecto_ia\.venv\lib\site-packages (from uvicorn[standard]>=0.23.0->proyecto-ia-backend==0.1.0) (0.40.0)
Requirement already satisfied: sqlalchemy>=2.0 in c:\users\nacho\documents\github\proyecto_ia_clasificador_sam_3\proyecto_ia\.venv\lib\site-packages (from proyecto-ia-backend==0.1.0) (2.0.45)
Requirement already satisfied: pydantic>=2.6 in c:\users\nacho\documents\github\proyecto_ia_clasificador_sam_3\proyecto_ia\.venv\lib\site-packages (from proyecto-ia-backend==0.1.0) (2.12.5)
Requirement already satisfied: pydantic-settings>=2.2 in c:\users\nacho\documents\github\proyecto_ia_clasificador_sam_3\proyecto_ia\.venv\lib\site-packages (from proyecto-ia-backend==0.1.0) (2.12.0)
Requirement already satisfied: python-multipart>=0.0.6 in c:\users\nacho\documents\github\proyecto_ia_clasificador_sam_3\proyecto_ia\.venv\lib\site-packages (from proyecto-ia-backend==0.1.0) (0.0.21)
Requirement already satisfied: python-dotenv>=1.0 in c:\users\nacho\documents\github\proyecto_ia_clasificador_sam_3\proyecto_ia\.venv\lib\site-packages (from proyecto-ia-backend==0.1.0) (1.2.1)
Requirement already satisfied: pillow>=10.2 in c:\users\nacho\documents\github\proyecto_ia_clasificador_sam_3\proyecto_ia\.venv\lib\site-packages (from proyecto-ia-backend==0.1.0) (12.1.0)
Requirement already satisfied: numpy>=1.26 in c:\users\nacho\documents\github\proyecto_ia_clasificador_sam_3\proyecto_ia\.venv\lib\site-packages (from proyecto-ia-backend==0.1.0) (2.4.0)
Requirement already satisfied: torch>=2.3 in c:\users\nacho\documents\github\proyecto_ia_clasificador_sam_3\proyecto_ia\.venv\lib\site-packages (from proyecto-ia-backend==0.1.0) (2.9.1)
Requirement already satisfied: transformers>=4.44 in c:\users\nacho\documents\github\proyecto_ia_clasificador_sam_3\proyecto_ia\.venv\lib\site-packages (from proyecto-ia-backend==0.1.0) (4.57.3)
Requirement already satisfied: accelerate>=0.33 in c:\users\nacho\documents\github\proyecto_ia_clasificador_sam_3\proyecto_ia\.venv\lib\site-packages (from proyecto-ia-backend==0.1.0) (1.12.0)
Requirement already satisfied: packaging>=20.0 in c:\users\nacho\documents\github\proyecto_ia_clasificador_sam_3\proyecto_ia\.venv\lib\site-packages (from accelerate>=0.33->proyecto-ia-backend==0.1.0) (25.0)
Requirement already satisfied: psutil in c:\users\nacho\documents\github\proyecto_ia_clasificador_sam_3\proyecto_ia\.venv\lib\site-packages (from accelerate>=0.33->proyecto-ia-backend==0.1.0) (7.2.1)
Requirement already satisfied: pyyaml in c:\users\nacho\documents\github\proyecto_ia_clasificador_sam_3\proyecto_ia\.venv\lib\site-packages (from accelerate>=0.33->proyecto-ia-backend==0.1.0) (6.0.3)
Requirement already satisfied: huggingface_hub>=0.21.0 in c:\users\nacho\documents\github\proyecto_ia_clasificador_sam_3\proyecto_ia\.venv\lib\site-packages (from accelerate>=0.33->proyecto-ia-backend==0.1.0) (0.36.0)
Requirement already satisfied: safetensors>=0.4.3 in c:\users\nacho\documents\github\proyecto_ia_clasificador_sam_3\proyecto_ia\.venv\lib\site-packages (from accelerate>=0.33->proyecto-ia-backend==0.1.0) (0.7.0)
Requirement already satisfied: starlette<0.51.0,>=0.40.0 in c:\users\nacho\documents\github\proyecto_ia_clasificador_sam_3\proyecto_ia\.venv\lib\site-packages (from fastapi>=0.110.0->proyecto-ia-backend==0.1.0) (0.50.0)
Requirement already satisfied: typing-extensions>=4.8.0 in c:\users\nacho\documents\github\proyecto_ia_clasificador_sam_3\proyecto_ia\.venv\lib\site-packages (from fastapi>=0.110.0->proyecto-ia-backend==0.1.0) (4.15.0)
Requirement already satisfied: annotated-doc>=0.0.2 in c:\users\nacho\documents\github\proyecto_ia_clasificador_sam_3\proyecto_ia\.venv\lib\site-packages (from fastapi>=0.110.0->proyecto-ia-backend==0.1.0) (0.0.4)
Requirement already satisfied: anyio<5,>=3.6.2 in c:\users\nacho\documents\github\proyecto_ia_clasificador_sam_3\proyecto_ia\.venv\lib\site-packages (from starlette<0.51.0,>=0.40.0->fastapi>=0.110.0->proyecto-ia-backend==0.1.0) (4.12.0)
Requirement already satisfied: idna>=2.8 in c:\users\nacho\documents\github\proyecto_ia_clasificador_sam_3\proyecto_ia\.venv\lib\site-packages (from anyio<5,>=3.6.2->starlette<0.51.0,>=0.40.0->fastapi>=0.110.0->proyecto-ia-backend==0.1.0) (3.11)
Requirement already satisfied: filelock in c:\users\nacho\documents\github\proyecto_ia_clasificador_sam_3\proyecto_ia\.venv\lib\site-packages (from huggingface_hub>=0.21.0->accelerate>=0.33->proyecto-ia-backend==0.1.0) (3.20.2)
Requirement already satisfied: fsspec>=2023.5.0 in c:\users\nacho\documents\github\proyecto_ia_clasificador_sam_3\proyecto_ia\.venv\lib\site-packages (from huggingface_hub>=0.21.0->accelerate>=0.33->proyecto-ia-backend==0.1.0) (2025.12.0)
Requirement already satisfied: requests in c:\users\nacho\documents\github\proyecto_ia_clasificador_sam_3\proyecto_ia\.venv\lib\site-packages (from huggingface_hub>=0.21.0->accelerate>=0.33->proyecto-ia-backend==0.1.0) (2.32.5)
Requirement already satisfied: tqdm>=4.42.1 in c:\users\nacho\documents\github\proyecto_ia_clasificador_sam_3\proyecto_ia\.venv\lib\site-packages (from huggingface_hub>=0.21.0->accelerate>=0.33->proyecto-ia-backend==0.1.0) (4.67.1)
Requirement already satisfied: annotated-types>=0.6.0 in c:\users\nacho\documents\github\proyecto_ia_clasificador_sam_3\proyecto_ia\.venv\lib\site-packages (from pydantic>=2.6->proyecto-ia-backend==0.1.0) (0.7.0)
Requirement already satisfied: pydantic-core==2.41.5 in c:\users\nacho\documents\github\proyecto_ia_clasificador_sam_3\proyecto_ia\.venv\lib\site-packages (from pydantic>=2.6->proyecto-ia-backend==0.1.0) (2.41.5)
Requirement already satisfied: typing-inspection>=0.4.2 in c:\users\nacho\documents\github\proyecto_ia_clasificador_sam_3\proyecto_ia\.venv\lib\site-packages (from pydantic>=2.6->proyecto-ia-backend==0.1.0) (0.4.2)
Requirement already satisfied: greenlet>=1 in c:\users\nacho\documents\github\proyecto_ia_clasificador_sam_3\proyecto_ia\.venv\lib\site-packages (from sqlalchemy>=2.0->proyecto-ia-backend==0.1.0) (3.3.0)
Requirement already satisfied: sympy>=1.13.3 in c:\users\nacho\documents\github\proyecto_ia_clasificador_sam_3\proyecto_ia\.venv\lib\site-packages (from torch>=2.3->proyecto-ia-backend==0.1.0) (1.14.0)
Requirement already satisfied: networkx>=2.5.1 in c:\users\nacho\documents\github\proyecto_ia_clasificador_sam_3\proyecto_ia\.venv\lib\site-packages (from torch>=2.3->proyecto-ia-backend==0.1.0) (3.6.1)
Requirement already satisfied: jinja2 in c:\users\nacho\documents\github\proyecto_ia_clasificador_sam_3\proyecto_ia\.venv\lib\site-packages (from torch>=2.3->proyecto-ia-backend==0.1.0) (3.1.6)
Requirement already satisfied: mpmath<1.4,>=1.1.0 in c:\users\nacho\documents\github\proyecto_ia_clasificador_sam_3\proyecto_ia\.venv\lib\site-packages (from sympy>=1.13.3->torch>=2.3->proyecto-ia-backend==0.1.0) (1.3.0)
Requirement already satisfied: colorama in c:\users\nacho\documents\github\proyecto_ia_clasificador_sam_3\proyecto_ia\.venv\lib\site-packages (from tqdm>=4.42.1->huggingface_hub>=0.21.0->accelerate>=0.33->proyecto-ia-backend==0.1.0) (0.4.6)
Requirement already satisfied: regex!=2019.12.17 in c:\users\nacho\documents\github\proyecto_ia_clasificador_sam_3\proyecto_ia\.venv\lib\site-packages (from transformers>=4.44->proyecto-ia-backend==0.1.0) (2025.11.3)
Requirement already satisfied: tokenizers<=0.23.0,>=0.22.0 in c:\users\nacho\documents\github\proyecto_ia_clasificador_sam_3\proyecto_ia\.venv\lib\site-packages (from transformers>=4.44->proyecto-ia-backend==0.1.0) (0.22.1)
Requirement already satisfied: click>=7.0 in c:\users\nacho\documents\github\proyecto_ia_clasificador_sam_3\proyecto_ia\.venv\lib\site-packages (from uvicorn>=0.23.0->uvicorn[standard]>=0.23.0->proyecto-ia-backend==0.1.0) (8.3.1)
Requirement already satisfied: h11>=0.8 in c:\users\nacho\documents\github\proyecto_ia_clasificador_sam_3\proyecto_ia\.venv\lib\site-packages (from uvicorn>=0.23.0->uvicorn[standard]>=0.23.0->proyecto-ia-backend==0.1.0) (0.16.0)
Requirement already satisfied: httptools>=0.6.3 in c:\users\nacho\documents\github\proyecto_ia_clasificador_sam_3\proyecto_ia\.venv\lib\site-packages (from uvicorn[standard]>=0.23.0->proyecto-ia-backend==0.1.0) (0.7.1)
Requirement already satisfied: watchfiles>=0.13 in c:\users\nacho\documents\github\proyecto_ia_clasificador_sam_3\proyecto_ia\.venv\lib\site-packages (from uvicorn[standard]>=0.23.0->proyecto-ia-backend==0.1.0) (1.1.1)
Requirement already satisfied: websockets>=10.4 in c:\users\nacho\documents\github\proyecto_ia_clasificador_sam_3\proyecto_ia\.venv\lib\site-packages (from uvicorn[standard]>=0.23.0->proyecto-ia-backend==0.1.0) (15.0.1)
Requirement already satisfied: MarkupSafe>=2.0 in c:\users\nacho\documents\github\proyecto_ia_clasificador_sam_3\proyecto_ia\.venv\lib\site-packages (from jinja2->torch>=2.3->proyecto-ia-backend==0.1.0) (3.0.3)
Requirement already satisfied: charset_normalizer<4,>=2 in c:\users\nacho\documents\github\proyecto_ia_clasificador_sam_3\proyecto_ia\.venv\lib\site-packages (from requests->huggingface_hub>=0.21.0->accelerate>=0.33->proyecto-ia-backend==0.1.0) (3.4.4)
Requirement already satisfied: urllib3<3,>=1.21.1 in c:\users\nacho\documents\github\proyecto_ia_clasificador_sam_3\proyecto_ia\.venv\lib\site-packages (from requests->huggingface_hub>=0.21.0->accelerate>=0.33->proyecto-ia-backend==0.1.0) (2.6.2)
Requirement already satisfied: certifi>=2017.4.17 in c:\users\nacho\documents\github\proyecto_ia_clasificador_sam_3\proyecto_ia\.venv\lib\site-packages (from requests->huggingface_hub>=0.21.0->accelerate>=0.33->proyecto-ia-backend==0.1.0) (2025.11.12)
Building wheels for collected packages: proyecto-ia-backend
  Building editable for proyecto-ia-backend (pyproject.toml): started
  Building editable for proyecto-ia-backend (pyproject.toml): finished with status 'done'
  Created wheel for proyecto-ia-backend: filename=proyecto_ia_backend-0.1.0-0.editable-py3-none-any.whl size=1603 sha256=a0ccb754a3ab5b75a6e66799992788c48debf055b302ebebdbd082c0b6470b54
  Stored in directory: C:\Users\nacho\AppData\Local\Temp\pip-ephem-wheel-cache-z48emhom\wheels\08\d1\b0\510c05311421b90e38d47de1218b879b9534c172a95de5a902
Successfully built proyecto-ia-backend
Installing collected packages: proyecto-ia-backend
  Attempting uninstall: proyecto-ia-backend
    Found existing installation: proyecto-ia-backend 0.1.0
    Uninstalling proyecto-ia-backend-0.1.0:
      Successfully uninstalled proyecto-ia-backend-0.1.0
Successfully installed proyecto-ia-backend-0.1.0
2026-01-02 18:15:42 - Iniciando backend (uvicorn --reload)
2026-01-02 18:15:42 - Backend PID: 10016
2026-01-02 18:15:42 - Iniciando frontend (npm run dev)
2026-01-02 18:15:42 - Frontend PID: 5680
2026-01-02 18:16:02 - Backend listo (healthcheck OK).
2026-01-02 18:16:02 - Esperando a que el frontend responda en http://localhost:5173/
2026-01-02 18:16:02 - Frontend listo, abriendo navegador en http://localhost:5173/system/status
2026-01-02 18:16:02 - Script finalizado.
2026-01-02 19:04:38 - Modo seleccionado: dev
2026-01-02 19:08:50 - Modo seleccionado: dev
2026-01-02 19:08:56 - Modo seleccionado: dev
2026-01-02 19:09:00 - Modo seleccionado: dev
2026-01-02 19:13:16 - Modo seleccionado: dev
2026-01-02 19:13:40 - Modo seleccionado: dev
2026-01-02 19:14:41 - Modo seleccionado: dev
2026-01-02 19:14:41 - Usando BackendPython proporcionado: C:\ProgramData\anaconda3\envs\sam3_env\python.exe
2026-01-02 19:14:41 - Se omitir la creacin de .venv porque se defini un intrprete externo.
2026-01-02 19:14:41 - Validando Python en C:\ProgramData\anaconda3\envs\sam3_env\python.exe
[python-version] 3.11.14 | packaged by Anaconda, Inc. | (main, Oct 21 2025, 18:30:03) [MSC v.1929 64 bit (AMD64)]
[sam3-check] Sam3Model OK
2026-01-02 19:17:31 - Se asume que el entorno ya tiene las dependencias del backend (sin pip install).
2026-01-02 19:17:31 - Iniciando backend (uvicorn --reload)
2026-01-02 19:17:31 - Backend PID: 6380
2026-01-02 19:17:31 - Iniciando frontend (npm run dev)
2026-01-02 19:34:40 - Modo seleccionado: dev
2026-01-02 19:34:40 - Usando BackendPython proporcionado: C:\ProgramData\anaconda3\envs\sam3_env\python.exe
2026-01-02 19:34:40 - Se omitir la creacin de .venv porque se defini un intrprete externo.
2026-01-02 19:34:40 - Validando Python en C:\ProgramData\anaconda3\envs\sam3_env\python.exe
3.11.14 | packaged by Anaconda, Inc. | (main, Oct 21 2025, 18:30:03) [MSC v.1929 64 bit (AMD64)]
C:\ProgramData\anaconda3\envs\sam3_env\python.exe

Sam3Model OK

2026-01-02 19:35:01 - Se asume que el entorno ya tiene las dependencias del backend (sin pip install).
2026-01-02 19:35:01 - Iniciando backend (uvicorn --reload)
2026-01-02 19:35:01 - Backend PID: 13024
2026-01-02 19:35:01 - Iniciando frontend (npm run dev)
2026-01-02 19:35:01 - Frontend PID: 8164
2026-01-02 19:35:16 - Backend listo (healthcheck OK).
2026-01-02 19:35:16 - Esperando a que el frontend responda en http://localhost:5173/
2026-01-02 19:35:16 - Frontend listo, abriendo navegador en http://localhost:5173/system/status
2026-01-02 19:35:16 - Script finalizado.
2026-01-02 22:12:19 - Modo seleccionado: dev
2026-01-02 22:12:19 - Usando BackendPython proporcionado: C:\ProgramData\anaconda3\envs\sam3_env\python.exe
2026-01-02 22:12:19 - Se omitir la creacin de .venv porque se defini un intrprete externo.
2026-01-02 22:12:19 - BackendPython efectivo: C:\ProgramData\anaconda3\envs\sam3_env\python.exe
2026-01-02 22:12:19 - Validando Python en C:\ProgramData\anaconda3\envs\sam3_env\python.exe
[python-version] 3.11.14 | packaged by Anaconda, Inc. | (main, Oct 21 2025, 18:30:03) [MSC v.1929 64 bit (AMD64)]
[sam3-check] Sam3Model OK
2026-01-02 22:12:39 - Se asume que el entorno ya tiene las dependencias del backend (sin pip install).
2026-01-02 22:12:39 - Liberando puertos previos (8000 y 5173). ForceKillPorts=False
2026-01-02 22:12:43 - Get-NetTCPConnection fall para el puerto 8000: No matching MSFT_NetTCPConnection objects found by CIM query for instances of the ROOT/StandardCimv2/MSFT_NetTCPConnection class on the  CIM server: SELECT * FROM MSFT_NetTCPConnection  WHERE ((LocalPort = 8000)) AND ((State = 2)). Verify query parameters and retry.
2026-01-02 22:12:43 - No se encontraron procesos en escucha en el puerto 8000.
2026-01-02 22:12:43 - Get-NetTCPConnection fall para el puerto 5173: No matching MSFT_NetTCPConnection objects found by CIM query for instances of the ROOT/StandardCimv2/MSFT_NetTCPConnection class on the  CIM server: SELECT * FROM MSFT_NetTCPConnection  WHERE ((LocalPort = 5173)) AND ((State = 2)). Verify query parameters and retry.
2026-01-02 22:12:43 - No se encontraron procesos en escucha en el puerto 5173.
2026-01-02 22:12:43 - Iniciando backend (uvicorn --reload)
2026-01-02 22:12:43 - Comando uvicorn: C:\ProgramData\anaconda3\envs\sam3_env\python.exe -m uvicorn src.main:app --reload --host 0.0.0.0 --port 8000 --app-dir C:\Users\nacho\Documents\GitHub\Proyecto_IA_Clasificador_SAM_3\Proyecto_IA\apps\backend --workers 1
2026-01-02 22:12:43 - Backend PID: 1340
2026-01-02 22:12:43 - Iniciando frontend (npm run dev -- --host)
2026-01-02 22:12:43 - Frontend PID: 12860
2026-01-02 22:12:58 - Backend listo (healthcheck OK).
2026-01-02 22:12:58 - Esperando a que el frontend responda en http://localhost:5173/
2026-01-02 22:12:58 - Frontend listo, abriendo navegador en http://localhost:5173/system/status
2026-01-02 22:12:59 - Script finalizado.
2026-01-03 00:04:21 - Modo seleccionado: dev
2026-01-03 00:04:21 - Usando BackendPython proporcionado: C:\ProgramData\anaconda3\envs\sam3_env\python.exe
2026-01-03 00:04:21 - Se omitir la creacin de .venv porque se defini un intrprete externo.
2026-01-03 00:04:21 - BackendPython efectivo: C:\ProgramData\anaconda3\envs\sam3_env\python.exe
2026-01-03 00:04:21 - Validando Python en C:\ProgramData\anaconda3\envs\sam3_env\python.exe
[python-version] 3.11.14 | packaged by Anaconda, Inc. | (main, Oct 21 2025, 18:30:03) [MSC v.1929 64 bit (AMD64)]
[sam3-check] Sam3Model OK
2026-01-03 00:04:37 - Se asume que el entorno ya tiene las dependencias del backend (sin pip install).
2026-01-03 00:04:37 - Liberando puertos previos (8000 y 5173). ForceKillPorts=False
2026-01-03 00:04:38 - Get-NetTCPConnection fall para el puerto 8000: No matching MSFT_NetTCPConnection objects found by CIM query for instances of the ROOT/StandardCimv2/MSFT_NetTCPConnection class on the  CIM server: SELECT * FROM MSFT_NetTCPConnection  WHERE ((LocalPort = 8000)) AND ((State = 2)). Verify query parameters and retry.
2026-01-03 00:04:38 - No se encontraron procesos en escucha en el puerto 8000.
2026-01-03 00:04:38 - Get-NetTCPConnection fall para el puerto 5173: No matching MSFT_NetTCPConnection objects found by CIM query for instances of the ROOT/StandardCimv2/MSFT_NetTCPConnection class on the  CIM server: SELECT * FROM MSFT_NetTCPConnection  WHERE ((LocalPort = 5173)) AND ((State = 2)). Verify query parameters and retry.
2026-01-03 00:04:38 - No se encontraron procesos en escucha en el puerto 5173.
2026-01-03 00:04:38 - Iniciando backend (uvicorn --reload)
2026-01-03 00:04:38 - Comando uvicorn: C:\ProgramData\anaconda3\envs\sam3_env\python.exe -m uvicorn src.main:app --reload --host 0.0.0.0 --port 8000 --app-dir C:\Users\nacho\Documents\GitHub\Proyecto_IA_Clasificador_SAM_3\Proyecto_IA\apps\backend --workers 1
2026-01-03 00:04:38 - Backend PID: 4952
2026-01-03 00:04:38 - Iniciando frontend (npm run dev -- --host)
2026-01-03 00:04:38 - Frontend PID: 12016
2026-01-03 00:05:59 - Backend listo (healthcheck OK).
2026-01-03 00:05:59 - Esperando a que el frontend responda en http://localhost:5173/
2026-01-03 00:05:59 - Frontend listo, abriendo navegador en http://localhost:5173/system/status
2026-01-03 00:06:00 - Script finalizado.
